{"ts":"2025-11-11T22:33:39.811Z","action":"login_force","details":{"reason":"Forced by client"}}
{"ts":"2025-11-11T22:33:39.814Z","action":"login_success","details":{"sessionId":"sess_5cb3968e4938a8c98d731a12"}}
{"ts":"2025-11-11T22:33:40.052Z","action":"upload_start","details":{"datasetType":"targets","setName":"test_targets","mode":"replace","expectChunks":1}}
{"ts":"2025-11-11T22:33:40.086Z","action":"upload_chunk","details":{"uploadId":"ul_03715b4b3560c5483a09","chunkIndex":0,"count":3}}
{"ts":"2025-11-11T22:33:40.113Z","action":"upload_finish","details":{"uploadId":"ul_03715b4b3560c5483a09","datasetType":"targets","setName":"test_targets","items":3}}
{"ts":"2025-11-11T22:33:40.248Z","action":"upload_start","details":{"datasetType":"proxies","setName":"test_proxies","mode":"replace","expectChunks":1}}
{"ts":"2025-11-11T22:33:40.284Z","action":"upload_chunk","details":{"uploadId":"ul_8e65bb121dc5a7a35172","chunkIndex":0,"count":2}}
{"ts":"2025-11-11T22:33:40.313Z","action":"upload_finish","details":{"uploadId":"ul_8e65bb121dc5a7a35172","datasetType":"proxies","setName":"test_proxies","items":2}}
{"ts":"2025-11-11T22:33:40.391Z","action":"upload_start","details":{"datasetType":"platforms","setName":"test_platforms","mode":"replace","expectChunks":1}}
{"ts":"2025-11-11T22:33:40.426Z","action":"upload_chunk","details":{"uploadId":"ul_f9a37af9ea74d055aed9","chunkIndex":0,"count":1}}
{"ts":"2025-11-11T22:33:40.701Z","action":"upload_start","details":{"datasetType":"settings","setName":"test_settings","mode":"replace","expectChunks":1}}
{"ts":"2025-11-11T22:33:40.743Z","action":"upload_chunk","details":{"uploadId":"ul_2c5b633cd5c359b7106c","chunkIndex":0,"count":1}}
{"ts":"2025-11-11T22:33:40.782Z","action":"upload_finish","details":{"uploadId":"ul_2c5b633cd5c359b7106c","datasetType":"settings","setName":"test_settings","items":1}}
{"ts":"2025-11-11T22:33:40.858Z","action":"job_start","details":{"jobId":"job_ae47420477fbc27f","sets":{"t":"test_targets","p":"test_proxies","pf":"test_platforms","s":"test_settings"}}}
{"ts":"2025-11-11T22:39:07.307Z","action":"login_force","details":{"reason":"Forced by client"}}
{"ts":"2025-11-11T22:39:07.323Z","action":"login_success","details":{"sessionId":"sess_95bdffcb27a232c4c76ec0bd"}}
{"ts":"2025-11-11T22:39:07.619Z","action":"upload_start","details":{"datasetType":"targets","setName":"test_targets","mode":"replace","expectChunks":1}}
{"ts":"2025-11-11T22:39:07.658Z","action":"upload_chunk","details":{"uploadId":"ul_964f9a399003c630db37","chunkIndex":0,"count":3}}
{"ts":"2025-11-11T22:39:07.694Z","action":"upload_finish","details":{"uploadId":"ul_964f9a399003c630db37","datasetType":"targets","setName":"test_targets","items":3}}
{"ts":"2025-11-11T22:39:07.863Z","action":"upload_start","details":{"datasetType":"proxies","setName":"test_proxies","mode":"replace","expectChunks":1}}
{"ts":"2025-11-11T22:39:07.913Z","action":"upload_chunk","details":{"uploadId":"ul_1b59e771b027d87a84b2","chunkIndex":0,"count":2}}
{"ts":"2025-11-11T22:39:08.001Z","action":"upload_finish","details":{"uploadId":"ul_1b59e771b027d87a84b2","datasetType":"proxies","setName":"test_proxies","items":2}}
{"ts":"2025-11-11T22:39:08.127Z","action":"upload_start","details":{"datasetType":"platforms","setName":"test_platforms","mode":"replace","expectChunks":1}}
{"ts":"2025-11-11T22:39:08.177Z","action":"upload_chunk","details":{"uploadId":"ul_10b21967b11b094597ab","chunkIndex":0,"count":1}}
{"ts":"2025-11-11T22:39:08.500Z","action":"upload_start","details":{"datasetType":"settings","setName":"test_settings","mode":"replace","expectChunks":1}}
{"ts":"2025-11-11T22:39:08.533Z","action":"upload_chunk","details":{"uploadId":"ul_3e6dfc926b29e0e832bc","chunkIndex":0,"count":1}}
{"ts":"2025-11-11T22:39:08.569Z","action":"upload_finish","details":{"uploadId":"ul_3e6dfc926b29e0e832bc","datasetType":"settings","setName":"test_settings","items":1}}
{"ts":"2025-11-11T22:39:08.658Z","action":"job_start","details":{"jobId":"job_7d790b7e9e1859f7","sets":{"t":"test_targets","p":"test_proxies","pf":"test_platforms","s":"test_settings"}}}
{"ts":"2025-11-11T22:49:23.885Z","action":"login_force","details":{"reason":"Forced by client"}}
{"ts":"2025-11-11T22:49:23.889Z","action":"login_success","details":{"sessionId":"sess_526540fa26112aba4cb218d2"}}
{"ts":"2025-11-11T22:49:24.225Z","action":"upload_start","details":{"datasetType":"targets","setName":"test_targets","mode":"replace","expectChunks":1}}
{"ts":"2025-11-11T22:49:24.260Z","action":"upload_chunk","details":{"uploadId":"ul_99c2c55408165d00af7c","chunkIndex":0,"count":3}}
{"ts":"2025-11-11T22:49:24.289Z","action":"upload_finish","details":{"uploadId":"ul_99c2c55408165d00af7c","datasetType":"targets","setName":"test_targets","items":3}}
{"ts":"2025-11-11T22:49:24.427Z","action":"upload_start","details":{"datasetType":"proxies","setName":"test_proxies","mode":"replace","expectChunks":1}}
{"ts":"2025-11-11T22:49:24.461Z","action":"upload_chunk","details":{"uploadId":"ul_d1a9ae45c67a3e66adf2","chunkIndex":0,"count":2}}
{"ts":"2025-11-11T22:49:24.491Z","action":"upload_finish","details":{"uploadId":"ul_d1a9ae45c67a3e66adf2","datasetType":"proxies","setName":"test_proxies","items":2}}
{"ts":"2025-11-11T22:49:24.561Z","action":"upload_start","details":{"datasetType":"platforms","setName":"test_platforms","mode":"replace","expectChunks":1}}
{"ts":"2025-11-11T22:49:24.594Z","action":"upload_chunk","details":{"uploadId":"ul_21befe0fdedf8c9ad738","chunkIndex":0,"count":1}}
{"ts":"2025-11-11T22:49:24.862Z","action":"upload_start","details":{"datasetType":"settings","setName":"test_settings","mode":"replace","expectChunks":1}}
{"ts":"2025-11-11T22:49:24.895Z","action":"upload_chunk","details":{"uploadId":"ul_593929bdcf07e8d23b87","chunkIndex":0,"count":1}}
{"ts":"2025-11-11T22:49:24.925Z","action":"upload_finish","details":{"uploadId":"ul_593929bdcf07e8d23b87","datasetType":"settings","setName":"test_settings","items":1}}
{"ts":"2025-11-11T22:49:25.010Z","action":"job_start","details":{"jobId":"job_4fb021635355ffa5","sets":{"t":"test_targets","p":"test_proxies","pf":"test_platforms","s":"test_settings"}}}
{"ts":"2025-11-11T22:52:43.499Z","action":"login_force","details":{"reason":"Forced by client"}}
{"ts":"2025-11-11T22:52:43.508Z","action":"login_success","details":{"sessionId":"sess_470a281b3d0b174f75ed6f87"}}
{"ts":"2025-11-11T22:52:43.759Z","action":"upload_start","details":{"datasetType":"targets","setName":"test_targets","mode":"replace","expectChunks":1}}
{"ts":"2025-11-11T22:52:43.794Z","action":"upload_chunk","details":{"uploadId":"ul_b1c1ae1ad6d3ad629d36","chunkIndex":0,"count":3}}
{"ts":"2025-11-11T22:52:43.832Z","action":"upload_finish","details":{"uploadId":"ul_b1c1ae1ad6d3ad629d36","datasetType":"targets","setName":"test_targets","items":3}}
{"ts":"2025-11-11T22:52:44.041Z","action":"upload_start","details":{"datasetType":"proxies","setName":"test_proxies","mode":"replace","expectChunks":1}}
{"ts":"2025-11-11T22:52:44.084Z","action":"upload_chunk","details":{"uploadId":"ul_b802f721a6c4d48270c8","chunkIndex":0,"count":2}}
{"ts":"2025-11-11T22:52:44.116Z","action":"upload_finish","details":{"uploadId":"ul_b802f721a6c4d48270c8","datasetType":"proxies","setName":"test_proxies","items":2}}
{"ts":"2025-11-11T22:52:44.189Z","action":"upload_start","details":{"datasetType":"platforms","setName":"test_platforms","mode":"replace","expectChunks":1}}
{"ts":"2025-11-11T22:52:44.227Z","action":"upload_chunk","details":{"uploadId":"ul_8cc197cefd3919c0c7f3","chunkIndex":0,"count":1}}
{"ts":"2025-11-11T22:52:44.501Z","action":"upload_start","details":{"datasetType":"settings","setName":"test_settings","mode":"replace","expectChunks":1}}
{"ts":"2025-11-11T22:52:44.545Z","action":"upload_chunk","details":{"uploadId":"ul_9b0c2960dc064cb1a171","chunkIndex":0,"count":1}}
{"ts":"2025-11-11T22:52:44.579Z","action":"upload_finish","details":{"uploadId":"ul_9b0c2960dc064cb1a171","datasetType":"settings","setName":"test_settings","items":1}}
{"ts":"2025-11-11T22:52:44.724Z","action":"job_start","details":{"jobId":"job_4c498a1582b0210c","sets":{"t":"test_targets","p":"test_proxies","pf":"test_platforms","s":"test_settings"}}}
{"ts":"2025-11-11T22:54:30.568Z","action":"login_force","details":{"reason":"Forced by client"}}
{"ts":"2025-11-11T22:54:30.576Z","action":"login_success","details":{"sessionId":"sess_965b236f738f5da34be723fe"}}
{"ts":"2025-11-11T22:54:30.838Z","action":"upload_start","details":{"datasetType":"targets","setName":"test_targets","mode":"replace","expectChunks":1}}
{"ts":"2025-11-11T22:54:30.873Z","action":"upload_chunk","details":{"uploadId":"ul_4f68a2d528feaa1a29b8","chunkIndex":0,"count":3}}
{"ts":"2025-11-11T22:54:30.906Z","action":"upload_finish","details":{"uploadId":"ul_4f68a2d528feaa1a29b8","datasetType":"targets","setName":"test_targets","items":3}}
{"ts":"2025-11-11T22:54:31.055Z","action":"upload_start","details":{"datasetType":"proxies","setName":"test_proxies","mode":"replace","expectChunks":1}}
{"ts":"2025-11-11T22:54:31.098Z","action":"upload_chunk","details":{"uploadId":"ul_3f3242a9c059f5341dfb","chunkIndex":0,"count":2}}
{"ts":"2025-11-11T22:54:31.131Z","action":"upload_finish","details":{"uploadId":"ul_3f3242a9c059f5341dfb","datasetType":"proxies","setName":"test_proxies","items":2}}
{"ts":"2025-11-11T22:54:31.205Z","action":"upload_start","details":{"datasetType":"platforms","setName":"test_platforms","mode":"replace","expectChunks":1}}
{"ts":"2025-11-11T22:54:31.238Z","action":"upload_chunk","details":{"uploadId":"ul_de91d6a94856e44660f0","chunkIndex":0,"count":1}}
{"ts":"2025-11-11T22:54:31.520Z","action":"upload_start","details":{"datasetType":"settings","setName":"test_settings","mode":"replace","expectChunks":1}}
{"ts":"2025-11-11T22:54:31.557Z","action":"upload_chunk","details":{"uploadId":"ul_e72e60a67ae27314a6a7","chunkIndex":0,"count":1}}
{"ts":"2025-11-11T22:54:31.587Z","action":"upload_finish","details":{"uploadId":"ul_e72e60a67ae27314a6a7","datasetType":"settings","setName":"test_settings","items":1}}
{"ts":"2025-11-11T22:54:31.678Z","action":"job_start","details":{"jobId":"job_005e7e86272043f4","sets":{"t":"test_targets","p":"test_proxies","pf":"test_platforms","s":"test_settings"}}}
{"ts":"2025-11-11T22:55:17.767Z","action":"login_force","details":{"reason":"Forced by client"}}
{"ts":"2025-11-11T22:55:17.775Z","action":"login_success","details":{"sessionId":"sess_704b8a0b7ca7b122ee24219f"}}
{"ts":"2025-11-11T22:55:18.050Z","action":"upload_start","details":{"datasetType":"targets","setName":"test_targets","mode":"replace","expectChunks":1}}
{"ts":"2025-11-11T22:55:18.091Z","action":"upload_chunk","details":{"uploadId":"ul_6c27a1d2ab7bc4d3af93","chunkIndex":0,"count":3}}
{"ts":"2025-11-11T22:55:18.128Z","action":"upload_finish","details":{"uploadId":"ul_6c27a1d2ab7bc4d3af93","datasetType":"targets","setName":"test_targets","items":3}}
{"ts":"2025-11-11T22:55:18.287Z","action":"upload_start","details":{"datasetType":"proxies","setName":"test_proxies","mode":"replace","expectChunks":1}}
{"ts":"2025-11-11T22:55:18.326Z","action":"upload_chunk","details":{"uploadId":"ul_bff6700aa60070f47af2","chunkIndex":0,"count":2}}
{"ts":"2025-11-11T22:55:18.357Z","action":"upload_finish","details":{"uploadId":"ul_bff6700aa60070f47af2","datasetType":"proxies","setName":"test_proxies","items":2}}
{"ts":"2025-11-11T22:55:18.437Z","action":"upload_start","details":{"datasetType":"platforms","setName":"test_platforms","mode":"replace","expectChunks":1}}
{"ts":"2025-11-11T22:55:18.483Z","action":"upload_chunk","details":{"uploadId":"ul_12f1b3af92cb24ebf5b9","chunkIndex":0,"count":1}}
{"ts":"2025-11-11T22:55:18.809Z","action":"upload_start","details":{"datasetType":"settings","setName":"test_settings","mode":"replace","expectChunks":1}}
{"ts":"2025-11-11T22:55:18.843Z","action":"upload_chunk","details":{"uploadId":"ul_a7c238fe95dba2ed437a","chunkIndex":0,"count":1}}
{"ts":"2025-11-11T22:55:18.875Z","action":"upload_finish","details":{"uploadId":"ul_a7c238fe95dba2ed437a","datasetType":"settings","setName":"test_settings","items":1}}
{"ts":"2025-11-11T22:55:18.963Z","action":"job_start","details":{"jobId":"job_f85b0e1b21b7282e","sets":{"t":"test_targets","p":"test_proxies","pf":"test_platforms","s":"test_settings"}}}
{"ts":"2025-11-11T22:56:27.606Z","action":"login_force","details":{"reason":"Forced by client"}}
{"ts":"2025-11-11T22:56:27.615Z","action":"login_success","details":{"sessionId":"sess_adc79b96329885c3fb378ee3"}}
{"ts":"2025-11-11T22:56:27.871Z","action":"upload_start","details":{"datasetType":"targets","setName":"test_targets","mode":"replace","expectChunks":1}}
{"ts":"2025-11-11T22:56:27.912Z","action":"upload_chunk","details":{"uploadId":"ul_98ac26b7f5644d0b23e1","chunkIndex":0,"count":3}}
{"ts":"2025-11-11T22:56:27.951Z","action":"upload_finish","details":{"uploadId":"ul_98ac26b7f5644d0b23e1","datasetType":"targets","setName":"test_targets","items":3}}
{"ts":"2025-11-11T22:56:28.092Z","action":"upload_start","details":{"datasetType":"proxies","setName":"test_proxies","mode":"replace","expectChunks":1}}
{"ts":"2025-11-11T22:56:28.129Z","action":"upload_chunk","details":{"uploadId":"ul_2ce13fa1e7150ccc046b","chunkIndex":0,"count":2}}
{"ts":"2025-11-11T22:56:28.162Z","action":"upload_finish","details":{"uploadId":"ul_2ce13fa1e7150ccc046b","datasetType":"proxies","setName":"test_proxies","items":2}}
{"ts":"2025-11-11T22:56:28.236Z","action":"upload_start","details":{"datasetType":"platforms","setName":"test_platforms","mode":"replace","expectChunks":1}}
{"ts":"2025-11-11T22:56:28.271Z","action":"upload_chunk","details":{"uploadId":"ul_932fc9194b9339bd3349","chunkIndex":0,"count":1}}
{"ts":"2025-11-11T22:56:28.551Z","action":"upload_start","details":{"datasetType":"settings","setName":"test_settings","mode":"replace","expectChunks":1}}
{"ts":"2025-11-11T22:56:28.585Z","action":"upload_chunk","details":{"uploadId":"ul_605ad3244c472e8fc666","chunkIndex":0,"count":1}}
{"ts":"2025-11-11T22:56:28.613Z","action":"upload_finish","details":{"uploadId":"ul_605ad3244c472e8fc666","datasetType":"settings","setName":"test_settings","items":1}}
{"ts":"2025-11-11T22:56:28.693Z","action":"job_start","details":{"jobId":"job_1ee9969d7dfc1c7c","sets":{"t":"test_targets","p":"test_proxies","pf":"test_platforms","s":"test_settings"}}}
{"ts":"2025-11-11T23:02:25.004Z","action":"login_force","details":{"reason":"Forced by client"}}
{"ts":"2025-11-11T23:02:25.013Z","action":"login_success","details":{"sessionId":"sess_a7e41d59aac5417a0d6e159e"}}
{"ts":"2025-11-11T23:02:25.267Z","action":"upload_start","details":{"datasetType":"targets","setName":"test_targets","mode":"replace","expectChunks":1}}
{"ts":"2025-11-11T23:02:25.307Z","action":"upload_chunk","details":{"uploadId":"ul_ae08614fc0bd21d5fc33","chunkIndex":0,"count":3}}
{"ts":"2025-11-11T23:02:25.347Z","action":"upload_finish","details":{"uploadId":"ul_ae08614fc0bd21d5fc33","datasetType":"targets","setName":"test_targets","items":3}}
{"ts":"2025-11-11T23:02:25.488Z","action":"upload_start","details":{"datasetType":"proxies","setName":"test_proxies","mode":"replace","expectChunks":1}}
{"ts":"2025-11-11T23:02:25.525Z","action":"upload_chunk","details":{"uploadId":"ul_4a3b63f5790c589244a7","chunkIndex":0,"count":2}}
{"ts":"2025-11-11T23:02:25.556Z","action":"upload_finish","details":{"uploadId":"ul_4a3b63f5790c589244a7","datasetType":"proxies","setName":"test_proxies","items":2}}
{"ts":"2025-11-11T23:02:25.628Z","action":"upload_start","details":{"datasetType":"platforms","setName":"test_platforms","mode":"replace","expectChunks":1}}
{"ts":"2025-11-11T23:02:25.661Z","action":"upload_chunk","details":{"uploadId":"ul_e9078585ee8470ff600b","chunkIndex":0,"count":1}}
{"ts":"2025-11-11T23:02:25.950Z","action":"upload_start","details":{"datasetType":"settings","setName":"test_settings","mode":"replace","expectChunks":1}}
{"ts":"2025-11-11T23:02:25.985Z","action":"upload_chunk","details":{"uploadId":"ul_e1d0b3c090831c9b9fbb","chunkIndex":0,"count":1}}
{"ts":"2025-11-11T23:02:26.014Z","action":"upload_finish","details":{"uploadId":"ul_e1d0b3c090831c9b9fbb","datasetType":"settings","setName":"test_settings","items":1}}
{"ts":"2025-11-11T23:02:26.103Z","action":"job_start","details":{"jobId":"job_ecd8a7b86deec3a7","sets":{"t":"test_targets","p":"test_proxies","pf":"test_platforms","s":"test_settings"}}}
{"ts":"2025-11-11T23:07:15.168Z","action":"login_force","details":{"reason":"Forced by client"}}
{"ts":"2025-11-11T23:07:15.176Z","action":"login_success","details":{"sessionId":"sess_bb969b7a5d985479583cd6b0"}}
{"ts":"2025-11-11T23:07:15.425Z","action":"upload_start","details":{"datasetType":"targets","setName":"test_targets","mode":"replace","expectChunks":1}}
{"ts":"2025-11-11T23:07:15.462Z","action":"upload_chunk","details":{"uploadId":"ul_b8a122135121d51afc43","chunkIndex":0,"count":3}}
{"ts":"2025-11-11T23:07:15.504Z","action":"upload_finish","details":{"uploadId":"ul_b8a122135121d51afc43","datasetType":"targets","setName":"test_targets","items":3}}
{"ts":"2025-11-11T23:07:15.645Z","action":"upload_start","details":{"datasetType":"proxies","setName":"test_proxies","mode":"replace","expectChunks":1}}
{"ts":"2025-11-11T23:07:15.681Z","action":"upload_chunk","details":{"uploadId":"ul_48db0d317d6298d56e4d","chunkIndex":0,"count":2}}
{"ts":"2025-11-11T23:07:15.709Z","action":"upload_finish","details":{"uploadId":"ul_48db0d317d6298d56e4d","datasetType":"proxies","setName":"test_proxies","items":2}}
{"ts":"2025-11-11T23:07:15.787Z","action":"upload_start","details":{"datasetType":"platforms","setName":"test_platforms","mode":"replace","expectChunks":1}}
{"ts":"2025-11-11T23:07:15.819Z","action":"upload_chunk","details":{"uploadId":"ul_a134ade46a22a2b6f5f9","chunkIndex":0,"count":1}}
{"ts":"2025-11-11T23:07:16.078Z","action":"upload_start","details":{"datasetType":"settings","setName":"test_settings","mode":"replace","expectChunks":1}}
{"ts":"2025-11-11T23:07:16.110Z","action":"upload_chunk","details":{"uploadId":"ul_b0cf4df7851f5bd733fb","chunkIndex":0,"count":1}}
{"ts":"2025-11-11T23:07:16.143Z","action":"upload_finish","details":{"uploadId":"ul_b0cf4df7851f5bd733fb","datasetType":"settings","setName":"test_settings","items":1}}
{"ts":"2025-11-11T23:07:16.222Z","action":"job_start","details":{"jobId":"job_c4a589f968330810","sets":{"t":"test_targets","p":"test_proxies","pf":"test_platforms","s":"test_settings"}}}
{"ts":"2025-11-11T23:08:20.609Z","action":"login_force","details":{"reason":"Forced by client"}}
{"ts":"2025-11-11T23:08:20.617Z","action":"login_success","details":{"sessionId":"sess_1ec3e623190eaa429392178f"}}
{"ts":"2025-11-11T23:08:20.861Z","action":"upload_start","details":{"datasetType":"targets","setName":"test_targets","mode":"replace","expectChunks":1}}
{"ts":"2025-11-11T23:08:20.896Z","action":"upload_chunk","details":{"uploadId":"ul_7381f73bf53e5c463f99","chunkIndex":0,"count":3}}
{"ts":"2025-11-11T23:08:20.936Z","action":"upload_finish","details":{"uploadId":"ul_7381f73bf53e5c463f99","datasetType":"targets","setName":"test_targets","items":3}}
{"ts":"2025-11-11T23:08:21.079Z","action":"upload_start","details":{"datasetType":"proxies","setName":"test_proxies","mode":"replace","expectChunks":1}}
{"ts":"2025-11-11T23:08:21.114Z","action":"upload_chunk","details":{"uploadId":"ul_56a0da5c52aeca164aba","chunkIndex":0,"count":2}}
{"ts":"2025-11-11T23:08:21.142Z","action":"upload_finish","details":{"uploadId":"ul_56a0da5c52aeca164aba","datasetType":"proxies","setName":"test_proxies","items":2}}
{"ts":"2025-11-11T23:08:21.215Z","action":"upload_start","details":{"datasetType":"platforms","setName":"test_platforms","mode":"replace","expectChunks":1}}
{"ts":"2025-11-11T23:08:21.249Z","action":"upload_chunk","details":{"uploadId":"ul_9ec58a308e3bbd2a5c1f","chunkIndex":0,"count":1}}
{"ts":"2025-11-11T23:08:21.513Z","action":"upload_start","details":{"datasetType":"settings","setName":"test_settings","mode":"replace","expectChunks":1}}
{"ts":"2025-11-11T23:08:21.546Z","action":"upload_chunk","details":{"uploadId":"ul_6d47d26f220ac446e4eb","chunkIndex":0,"count":1}}
{"ts":"2025-11-11T23:08:21.574Z","action":"upload_finish","details":{"uploadId":"ul_6d47d26f220ac446e4eb","datasetType":"settings","setName":"test_settings","items":1}}
{"ts":"2025-11-11T23:08:21.664Z","action":"job_start","details":{"jobId":"job_843fe7f58556657b","sets":{"t":"test_targets","p":"test_proxies","pf":"test_platforms","s":"test_settings"}}}
{"ts":"2025-11-11T23:17:48.212Z","action":"login_force","details":{"reason":"Forced by client"}}
{"ts":"2025-11-11T23:17:48.220Z","action":"login_success","details":{"sessionId":"sess_4e17c86ea46ab27a1ef31eaf"}}
{"ts":"2025-11-11T23:17:48.485Z","action":"upload_start","details":{"datasetType":"targets","setName":"test_targets","mode":"replace","expectChunks":1}}
{"ts":"2025-11-11T23:17:48.519Z","action":"upload_chunk","details":{"uploadId":"ul_d335d178d73432304764","chunkIndex":0,"count":3}}
{"ts":"2025-11-11T23:17:48.553Z","action":"upload_finish","details":{"uploadId":"ul_d335d178d73432304764","datasetType":"targets","setName":"test_targets","items":3}}
{"ts":"2025-11-11T23:17:48.699Z","action":"upload_start","details":{"datasetType":"proxies","setName":"test_proxies","mode":"replace","expectChunks":1}}
{"ts":"2025-11-11T23:17:48.743Z","action":"upload_chunk","details":{"uploadId":"ul_e415eecc0f4aa0c4c8e4","chunkIndex":0,"count":2}}
{"ts":"2025-11-11T23:17:48.776Z","action":"upload_finish","details":{"uploadId":"ul_e415eecc0f4aa0c4c8e4","datasetType":"proxies","setName":"test_proxies","items":2}}
{"ts":"2025-11-11T23:17:48.854Z","action":"upload_start","details":{"datasetType":"platforms","setName":"test_platforms","mode":"replace","expectChunks":1}}
{"ts":"2025-11-11T23:17:48.888Z","action":"upload_chunk","details":{"uploadId":"ul_d4446a41f388947935c1","chunkIndex":0,"count":1}}
{"ts":"2025-11-11T23:17:49.146Z","action":"upload_start","details":{"datasetType":"settings","setName":"test_settings","mode":"replace","expectChunks":1}}
{"ts":"2025-11-11T23:17:49.185Z","action":"upload_chunk","details":{"uploadId":"ul_56c075756cdc4ea6d156","chunkIndex":0,"count":1}}
{"ts":"2025-11-11T23:17:49.219Z","action":"upload_finish","details":{"uploadId":"ul_56c075756cdc4ea6d156","datasetType":"settings","setName":"test_settings","items":1}}
{"ts":"2025-11-11T23:17:49.308Z","action":"job_start","details":{"jobId":"job_81a3b4e7f34d8800","sets":{"t":"test_targets","p":"test_proxies","pf":"test_platforms","s":"test_settings"}}}
{"ts":"2025-11-11T23:21:33.976Z","action":"login_force","details":{"reason":"Forced by client"}}
{"ts":"2025-11-11T23:21:33.984Z","action":"login_success","details":{"sessionId":"sess_02e58c067f8ff486574887c0"}}
{"ts":"2025-11-11T23:21:34.246Z","action":"upload_start","details":{"datasetType":"targets","setName":"test_targets","mode":"replace","expectChunks":1}}
{"ts":"2025-11-11T23:21:34.284Z","action":"upload_chunk","details":{"uploadId":"ul_a38a247a0874f4ba0fbe","chunkIndex":0,"count":3}}
{"ts":"2025-11-11T23:21:34.322Z","action":"upload_finish","details":{"uploadId":"ul_a38a247a0874f4ba0fbe","datasetType":"targets","setName":"test_targets","items":3}}
{"ts":"2025-11-11T23:21:34.493Z","action":"upload_start","details":{"datasetType":"proxies","setName":"test_proxies","mode":"replace","expectChunks":1}}
{"ts":"2025-11-11T23:21:34.531Z","action":"upload_chunk","details":{"uploadId":"ul_1897efd312def44959b5","chunkIndex":0,"count":2}}
{"ts":"2025-11-11T23:21:34.566Z","action":"upload_finish","details":{"uploadId":"ul_1897efd312def44959b5","datasetType":"proxies","setName":"test_proxies","items":2}}
{"ts":"2025-11-11T23:21:34.647Z","action":"upload_start","details":{"datasetType":"platforms","setName":"test_platforms","mode":"replace","expectChunks":1}}
{"ts":"2025-11-11T23:21:34.683Z","action":"upload_chunk","details":{"uploadId":"ul_11120ffa6dfc2e135d8d","chunkIndex":0,"count":1}}
{"ts":"2025-11-11T23:21:35.011Z","action":"upload_start","details":{"datasetType":"settings","setName":"test_settings","mode":"replace","expectChunks":1}}
{"ts":"2025-11-11T23:21:35.066Z","action":"upload_chunk","details":{"uploadId":"ul_305a99470575f4edb1d1","chunkIndex":0,"count":1}}
{"ts":"2025-11-11T23:21:35.106Z","action":"upload_finish","details":{"uploadId":"ul_305a99470575f4edb1d1","datasetType":"settings","setName":"test_settings","items":1}}
{"ts":"2025-11-11T23:21:35.226Z","action":"job_start","details":{"jobId":"job_3b1438c5c1607a5b","sets":{"t":"test_targets","p":"test_proxies","pf":"test_platforms","s":"test_settings"}}}
{"ts":"2025-11-11T23:55:22.335Z","action":"login_force","details":{"reason":"Forced by client"}}
{"ts":"2025-11-11T23:55:22.343Z","action":"login_success","details":{"sessionId":"sess_5698bacd458fc5ec62fa995a"}}
{"ts":"2025-11-11T23:55:22.586Z","action":"upload_start","details":{"datasetType":"targets","setName":"test_targets","mode":"replace","expectChunks":1}}
{"ts":"2025-11-11T23:55:22.624Z","action":"upload_chunk","details":{"uploadId":"ul_82957f8282e8e843d5ba","chunkIndex":0,"count":3}}
{"ts":"2025-11-11T23:55:22.659Z","action":"upload_finish","details":{"uploadId":"ul_82957f8282e8e843d5ba","datasetType":"targets","setName":"test_targets","items":3}}
{"ts":"2025-11-11T23:55:22.803Z","action":"upload_start","details":{"datasetType":"proxies","setName":"test_proxies","mode":"replace","expectChunks":1}}
{"ts":"2025-11-11T23:55:22.839Z","action":"upload_chunk","details":{"uploadId":"ul_28f85af867dd42880c9a","chunkIndex":0,"count":2}}
{"ts":"2025-11-11T23:55:22.874Z","action":"upload_finish","details":{"uploadId":"ul_28f85af867dd42880c9a","datasetType":"proxies","setName":"test_proxies","items":2}}
{"ts":"2025-11-11T23:55:22.954Z","action":"upload_start","details":{"datasetType":"platforms","setName":"test_platforms","mode":"replace","expectChunks":1}}
{"ts":"2025-11-11T23:55:22.992Z","action":"upload_chunk","details":{"uploadId":"ul_5a5463db4678f25006ce","chunkIndex":0,"count":1}}
{"ts":"2025-11-11T23:55:23.259Z","action":"upload_start","details":{"datasetType":"settings","setName":"test_settings","mode":"replace","expectChunks":1}}
{"ts":"2025-11-11T23:55:23.292Z","action":"upload_chunk","details":{"uploadId":"ul_59550cabf0ff15d60ca5","chunkIndex":0,"count":1}}
{"ts":"2025-11-11T23:55:23.321Z","action":"upload_finish","details":{"uploadId":"ul_59550cabf0ff15d60ca5","datasetType":"settings","setName":"test_settings","items":1}}
{"ts":"2025-11-11T23:55:23.403Z","action":"job_start","details":{"jobId":"job_4842f905868a75ab","sets":{"t":"test_targets","p":"test_proxies","pf":"test_platforms","s":"test_settings"}}}
{"ts":"2025-11-12T01:00:40.227Z","action":"login_force","details":{"reason":"Forced by client"}}
{"ts":"2025-11-12T01:00:40.237Z","action":"login_success","details":{"sessionId":"sess_eb2b20e442c192b5abaf151c"}}
{"ts":"2025-11-12T01:00:40.485Z","action":"upload_start","details":{"datasetType":"targets","setName":"test_targets","mode":"replace","expectChunks":1}}
{"ts":"2025-11-12T01:00:40.522Z","action":"upload_chunk","details":{"uploadId":"ul_87857d422124a4b6eeff","chunkIndex":0,"count":3}}
{"ts":"2025-11-12T01:00:40.555Z","action":"upload_finish","details":{"uploadId":"ul_87857d422124a4b6eeff","datasetType":"targets","setName":"test_targets","items":3}}
{"ts":"2025-11-12T01:00:40.702Z","action":"upload_start","details":{"datasetType":"proxies","setName":"test_proxies","mode":"replace","expectChunks":1}}
{"ts":"2025-11-12T01:00:40.737Z","action":"upload_chunk","details":{"uploadId":"ul_b37ec4e8eb5bb79f2cda","chunkIndex":0,"count":2}}
{"ts":"2025-11-12T01:00:40.766Z","action":"upload_finish","details":{"uploadId":"ul_b37ec4e8eb5bb79f2cda","datasetType":"proxies","setName":"test_proxies","items":2}}
{"ts":"2025-11-12T01:00:40.835Z","action":"upload_start","details":{"datasetType":"platforms","setName":"test_platforms","mode":"replace","expectChunks":1}}
{"ts":"2025-11-12T01:00:40.870Z","action":"upload_chunk","details":{"uploadId":"ul_ca4a8b9271af324e5f4e","chunkIndex":0,"count":1}}
{"ts":"2025-11-12T01:00:41.147Z","action":"upload_start","details":{"datasetType":"settings","setName":"test_settings","mode":"replace","expectChunks":1}}
{"ts":"2025-11-12T01:00:41.182Z","action":"upload_chunk","details":{"uploadId":"ul_ffacee35605c26d31bc5","chunkIndex":0,"count":1}}
{"ts":"2025-11-12T01:00:41.212Z","action":"upload_finish","details":{"uploadId":"ul_ffacee35605c26d31bc5","datasetType":"settings","setName":"test_settings","items":1}}
{"ts":"2025-11-12T01:00:41.290Z","action":"job_start","details":{"jobId":"job_59a89febb651ad32","sets":{"t":"test_targets","p":"test_proxies","pf":"test_platforms","s":"test_settings"}}}
{"ts":"2025-11-12T01:05:46.019Z","action":"login_force","details":{"reason":"Forced by client"}}
{"ts":"2025-11-12T01:05:46.027Z","action":"login_success","details":{"sessionId":"sess_b2c4e874be0d065adef7f16f"}}
{"ts":"2025-11-12T01:05:46.298Z","action":"upload_start","details":{"datasetType":"targets","setName":"test_targets","mode":"replace","expectChunks":1}}
{"ts":"2025-11-12T01:05:46.344Z","action":"upload_chunk","details":{"uploadId":"ul_3ce09f6fe6e3d8e065ae","chunkIndex":0,"count":3}}
{"ts":"2025-11-12T01:05:46.380Z","action":"upload_finish","details":{"uploadId":"ul_3ce09f6fe6e3d8e065ae","datasetType":"targets","setName":"test_targets","items":3}}
{"ts":"2025-11-12T01:05:46.533Z","action":"upload_start","details":{"datasetType":"proxies","setName":"test_proxies","mode":"replace","expectChunks":1}}
{"ts":"2025-11-12T01:05:46.572Z","action":"upload_chunk","details":{"uploadId":"ul_e9be9647619c43b37739","chunkIndex":0,"count":2}}
{"ts":"2025-11-12T01:05:46.602Z","action":"upload_finish","details":{"uploadId":"ul_e9be9647619c43b37739","datasetType":"proxies","setName":"test_proxies","items":2}}
{"ts":"2025-11-12T01:05:46.677Z","action":"upload_start","details":{"datasetType":"platforms","setName":"test_platforms","mode":"replace","expectChunks":1}}
{"ts":"2025-11-12T01:05:46.715Z","action":"upload_chunk","details":{"uploadId":"ul_ae93ae8b81c5b3db4a27","chunkIndex":0,"count":1}}
{"ts":"2025-11-12T01:05:47.009Z","action":"upload_start","details":{"datasetType":"settings","setName":"test_settings","mode":"replace","expectChunks":1}}
{"ts":"2025-11-12T01:05:47.046Z","action":"upload_chunk","details":{"uploadId":"ul_eac788ac445702fa60ae","chunkIndex":0,"count":1}}
{"ts":"2025-11-12T01:05:47.078Z","action":"upload_finish","details":{"uploadId":"ul_eac788ac445702fa60ae","datasetType":"settings","setName":"test_settings","items":1}}
{"ts":"2025-11-12T01:05:47.159Z","action":"job_start","details":{"jobId":"job_b6670c64b4706e18","sets":{"t":"test_targets","p":"test_proxies","pf":"test_platforms","s":"test_settings"}}}
{"ts":"2025-11-12T01:07:02.532Z","action":"login_force","details":{"reason":"Forced by client"}}
{"ts":"2025-11-12T01:07:02.540Z","action":"login_success","details":{"sessionId":"sess_697aa8c69a81af38c8fb5620"}}
{"ts":"2025-11-12T01:07:02.789Z","action":"upload_start","details":{"datasetType":"targets","setName":"test_targets","mode":"replace","expectChunks":1}}
{"ts":"2025-11-12T01:07:02.830Z","action":"upload_chunk","details":{"uploadId":"ul_ef475e0ae43a99acbdde","chunkIndex":0,"count":3}}
{"ts":"2025-11-12T01:07:02.866Z","action":"upload_finish","details":{"uploadId":"ul_ef475e0ae43a99acbdde","datasetType":"targets","setName":"test_targets","items":3}}
{"ts":"2025-11-12T01:07:03.002Z","action":"upload_start","details":{"datasetType":"proxies","setName":"test_proxies","mode":"replace","expectChunks":1}}
{"ts":"2025-11-12T01:07:03.041Z","action":"upload_chunk","details":{"uploadId":"ul_e029274afa866d337528","chunkIndex":0,"count":2}}
{"ts":"2025-11-12T01:07:03.071Z","action":"upload_finish","details":{"uploadId":"ul_e029274afa866d337528","datasetType":"proxies","setName":"test_proxies","items":2}}
{"ts":"2025-11-12T01:07:03.146Z","action":"upload_start","details":{"datasetType":"platforms","setName":"test_platforms","mode":"replace","expectChunks":1}}
{"ts":"2025-11-12T01:07:03.181Z","action":"upload_chunk","details":{"uploadId":"ul_68ca4d2a02b2cb9b652f","chunkIndex":0,"count":1}}
{"ts":"2025-11-12T01:07:03.453Z","action":"upload_start","details":{"datasetType":"settings","setName":"test_settings","mode":"replace","expectChunks":1}}
{"ts":"2025-11-12T01:07:03.487Z","action":"upload_chunk","details":{"uploadId":"ul_749dad8db5007692a9f8","chunkIndex":0,"count":1}}
{"ts":"2025-11-12T01:07:03.521Z","action":"upload_finish","details":{"uploadId":"ul_749dad8db5007692a9f8","datasetType":"settings","setName":"test_settings","items":1}}
{"ts":"2025-11-12T01:07:03.599Z","action":"job_start","details":{"jobId":"job_6cd838de22a7ca35","sets":{"t":"test_targets","p":"test_proxies","pf":"test_platforms","s":"test_settings"}}}
{"ts":"2025-11-12T01:11:43.660Z","action":"login_force","details":{"reason":"Forced by client"}}
{"ts":"2025-11-12T01:11:43.669Z","action":"login_success","details":{"sessionId":"sess_95383203319c2aacc8355470"}}
{"ts":"2025-11-12T01:11:43.923Z","action":"upload_start","details":{"datasetType":"targets","setName":"test_targets","mode":"replace","expectChunks":1}}
{"ts":"2025-11-12T01:11:43.958Z","action":"upload_chunk","details":{"uploadId":"ul_83944cf5a3fe15276bfd","chunkIndex":0,"count":3}}
{"ts":"2025-11-12T01:11:43.990Z","action":"upload_finish","details":{"uploadId":"ul_83944cf5a3fe15276bfd","datasetType":"targets","setName":"test_targets","items":3}}
{"ts":"2025-11-12T01:11:44.131Z","action":"upload_start","details":{"datasetType":"proxies","setName":"test_proxies","mode":"replace","expectChunks":1}}
{"ts":"2025-11-12T01:11:44.168Z","action":"upload_chunk","details":{"uploadId":"ul_6a0094b4c6372a106d80","chunkIndex":0,"count":2}}
{"ts":"2025-11-12T01:11:44.203Z","action":"upload_finish","details":{"uploadId":"ul_6a0094b4c6372a106d80","datasetType":"proxies","setName":"test_proxies","items":2}}
{"ts":"2025-11-12T01:11:44.273Z","action":"upload_start","details":{"datasetType":"platforms","setName":"test_platforms","mode":"replace","expectChunks":1}}
{"ts":"2025-11-12T01:11:44.309Z","action":"upload_chunk","details":{"uploadId":"ul_814c8babd2d88beeb82a","chunkIndex":0,"count":1}}
{"ts":"2025-11-12T01:11:44.577Z","action":"upload_start","details":{"datasetType":"settings","setName":"test_settings","mode":"replace","expectChunks":1}}
{"ts":"2025-11-12T01:11:44.610Z","action":"upload_chunk","details":{"uploadId":"ul_62a2f6b548111da02967","chunkIndex":0,"count":1}}
{"ts":"2025-11-12T01:11:44.639Z","action":"upload_finish","details":{"uploadId":"ul_62a2f6b548111da02967","datasetType":"settings","setName":"test_settings","items":1}}
{"ts":"2025-11-12T01:11:44.732Z","action":"job_start","details":{"jobId":"job_11a7cd5b920a3ca8","sets":{"t":"test_targets","p":"test_proxies","pf":"test_platforms","s":"test_settings"}}}
{"ts":"2025-11-12T01:14:40.658Z","action":"login_force","details":{"reason":"Forced by client"}}
{"ts":"2025-11-12T01:14:40.666Z","action":"login_success","details":{"sessionId":"sess_e0ae305a0c4aad84c17523e5"}}
{"ts":"2025-11-12T01:14:40.910Z","action":"upload_start","details":{"datasetType":"targets","setName":"test_targets","mode":"replace","expectChunks":1}}
{"ts":"2025-11-12T01:14:40.944Z","action":"upload_chunk","details":{"uploadId":"ul_070df5d0bef72986f6e3","chunkIndex":0,"count":3}}
{"ts":"2025-11-12T01:14:40.979Z","action":"upload_finish","details":{"uploadId":"ul_070df5d0bef72986f6e3","datasetType":"targets","setName":"test_targets","items":3}}
{"ts":"2025-11-12T01:14:41.132Z","action":"upload_start","details":{"datasetType":"proxies","setName":"test_proxies","mode":"replace","expectChunks":1}}
{"ts":"2025-11-12T01:14:41.171Z","action":"upload_chunk","details":{"uploadId":"ul_811801f19b1204467f37","chunkIndex":0,"count":2}}
{"ts":"2025-11-12T01:14:41.205Z","action":"upload_finish","details":{"uploadId":"ul_811801f19b1204467f37","datasetType":"proxies","setName":"test_proxies","items":2}}
{"ts":"2025-11-12T01:14:41.275Z","action":"upload_start","details":{"datasetType":"platforms","setName":"test_platforms","mode":"replace","expectChunks":1}}
{"ts":"2025-11-12T01:14:41.308Z","action":"upload_chunk","details":{"uploadId":"ul_0d9b4f843c4ba6b48fd3","chunkIndex":0,"count":1}}
{"ts":"2025-11-12T01:14:41.578Z","action":"upload_start","details":{"datasetType":"settings","setName":"test_settings","mode":"replace","expectChunks":1}}
{"ts":"2025-11-12T01:14:41.613Z","action":"upload_chunk","details":{"uploadId":"ul_b6633d968edeb466b821","chunkIndex":0,"count":1}}
{"ts":"2025-11-12T01:14:41.654Z","action":"upload_finish","details":{"uploadId":"ul_b6633d968edeb466b821","datasetType":"settings","setName":"test_settings","items":1}}
{"ts":"2025-11-12T01:14:41.732Z","action":"job_start","details":{"jobId":"job_48174a9b21bf0f4e","sets":{"t":"test_targets","p":"test_proxies","pf":"test_platforms","s":"test_settings"}}}
{"ts":"2025-11-12T02:12:41.535Z","action":"login_force","details":{"reason":"Forced by client"}}
{"ts":"2025-11-12T02:12:41.547Z","action":"login_success","details":{"sessionId":"sess_dd2743aab638f3a02b8ce768"}}
{"ts":"2025-11-12T02:12:41.792Z","action":"upload_start","details":{"datasetType":"targets","setName":"test_targets","mode":"replace","expectChunks":1}}
{"ts":"2025-11-12T02:12:41.829Z","action":"upload_chunk","details":{"uploadId":"ul_53f4b63e123726e30d75","chunkIndex":0,"count":3}}
{"ts":"2025-11-12T02:12:41.861Z","action":"upload_finish","details":{"uploadId":"ul_53f4b63e123726e30d75","datasetType":"targets","setName":"test_targets","items":3}}
{"ts":"2025-11-12T02:12:42.000Z","action":"upload_start","details":{"datasetType":"proxies","setName":"test_proxies","mode":"replace","expectChunks":1}}
{"ts":"2025-11-12T02:12:42.038Z","action":"upload_chunk","details":{"uploadId":"ul_237dc7e6c9ff7f797c04","chunkIndex":0,"count":2}}
{"ts":"2025-11-12T02:12:42.068Z","action":"upload_finish","details":{"uploadId":"ul_237dc7e6c9ff7f797c04","datasetType":"proxies","setName":"test_proxies","items":2}}
{"ts":"2025-11-12T02:12:42.144Z","action":"upload_start","details":{"datasetType":"platforms","setName":"test_platforms","mode":"replace","expectChunks":1}}
{"ts":"2025-11-12T02:12:42.178Z","action":"upload_chunk","details":{"uploadId":"ul_d3534547daf50c9bc75e","chunkIndex":0,"count":1}}
{"ts":"2025-11-12T02:12:42.436Z","action":"upload_start","details":{"datasetType":"settings","setName":"test_settings","mode":"replace","expectChunks":1}}
{"ts":"2025-11-12T02:12:42.470Z","action":"upload_chunk","details":{"uploadId":"ul_2e3784d9434e4a1252b6","chunkIndex":0,"count":1}}
{"ts":"2025-11-12T02:12:42.499Z","action":"upload_finish","details":{"uploadId":"ul_2e3784d9434e4a1252b6","datasetType":"settings","setName":"test_settings","items":1}}
{"ts":"2025-11-12T02:12:42.581Z","action":"job_start","details":{"jobId":"job_4fe3daf6deb41fd7","sets":{"t":"test_targets","p":"test_proxies","pf":"test_platforms","s":"test_settings"}}}
{"ts":"2025-11-12T02:14:47.826Z","action":"login_force","details":{"reason":"Forced by client"}}
{"ts":"2025-11-12T02:14:47.834Z","action":"login_success","details":{"sessionId":"sess_8e4ed84a4e813204d7f473fb"}}
{"ts":"2025-11-12T02:14:48.085Z","action":"upload_start","details":{"datasetType":"targets","setName":"test_targets","mode":"replace","expectChunks":1}}
{"ts":"2025-11-12T02:14:48.124Z","action":"upload_chunk","details":{"uploadId":"ul_f01f77ebc05483475cd3","chunkIndex":0,"count":3}}
{"ts":"2025-11-12T02:14:48.159Z","action":"upload_finish","details":{"uploadId":"ul_f01f77ebc05483475cd3","datasetType":"targets","setName":"test_targets","items":3}}
{"ts":"2025-11-12T02:14:48.299Z","action":"upload_start","details":{"datasetType":"proxies","setName":"test_proxies","mode":"replace","expectChunks":1}}
{"ts":"2025-11-12T02:14:48.337Z","action":"upload_chunk","details":{"uploadId":"ul_958ecf1566b8dcd109cc","chunkIndex":0,"count":2}}
{"ts":"2025-11-12T02:14:48.366Z","action":"upload_finish","details":{"uploadId":"ul_958ecf1566b8dcd109cc","datasetType":"proxies","setName":"test_proxies","items":2}}
{"ts":"2025-11-12T02:14:48.437Z","action":"upload_start","details":{"datasetType":"platforms","setName":"test_platforms","mode":"replace","expectChunks":1}}
{"ts":"2025-11-12T02:14:48.471Z","action":"upload_chunk","details":{"uploadId":"ul_8a29316c311a9db5a06d","chunkIndex":0,"count":1}}
{"ts":"2025-11-12T02:14:48.749Z","action":"upload_start","details":{"datasetType":"settings","setName":"test_settings","mode":"replace","expectChunks":1}}
{"ts":"2025-11-12T02:14:48.785Z","action":"upload_chunk","details":{"uploadId":"ul_f2a26b9ebdb189ba298f","chunkIndex":0,"count":1}}
{"ts":"2025-11-12T02:14:48.815Z","action":"upload_finish","details":{"uploadId":"ul_f2a26b9ebdb189ba298f","datasetType":"settings","setName":"test_settings","items":1}}
{"ts":"2025-11-12T02:14:48.889Z","action":"job_start","details":{"jobId":"job_71723c5f477cc2b6","sets":{"t":"test_targets","p":"test_proxies","pf":"test_platforms","s":"test_settings"}}}
{"ts":"2025-11-12T02:35:02.247Z","action":"login_force","details":{"reason":"Forced by client"}}
{"ts":"2025-11-12T02:35:02.256Z","action":"login_success","details":{"sessionId":"sess_03220fe41ddb74d4f9c84135"}}
{"ts":"2025-11-12T02:35:02.505Z","action":"upload_start","details":{"datasetType":"targets","setName":"test_targets","mode":"replace","expectChunks":1}}
{"ts":"2025-11-12T02:35:02.541Z","action":"upload_chunk","details":{"uploadId":"ul_02aea502ddce6febad02","chunkIndex":0,"count":3}}
{"ts":"2025-11-12T02:35:02.572Z","action":"upload_finish","details":{"uploadId":"ul_02aea502ddce6febad02","datasetType":"targets","setName":"test_targets","items":3}}
{"ts":"2025-11-12T02:35:02.708Z","action":"upload_start","details":{"datasetType":"proxies","setName":"test_proxies","mode":"replace","expectChunks":1}}
{"ts":"2025-11-12T02:35:02.745Z","action":"upload_chunk","details":{"uploadId":"ul_b9e90d4c907755a33291","chunkIndex":0,"count":2}}
{"ts":"2025-11-12T02:35:02.774Z","action":"upload_finish","details":{"uploadId":"ul_b9e90d4c907755a33291","datasetType":"proxies","setName":"test_proxies","items":2}}
{"ts":"2025-11-12T02:35:02.846Z","action":"upload_start","details":{"datasetType":"platforms","setName":"test_platforms","mode":"replace","expectChunks":1}}
{"ts":"2025-11-12T02:35:02.879Z","action":"upload_chunk","details":{"uploadId":"ul_6b1d32c409525c3de33f","chunkIndex":0,"count":1}}
{"ts":"2025-11-12T02:35:02.906Z","action":"upload_finish","details":{"uploadId":"ul_6b1d32c409525c3de33f","datasetType":"platforms","setName":"test_platforms","items":1}}
{"ts":"2025-11-12T02:35:03.130Z","action":"upload_start","details":{"datasetType":"settings","setName":"test_settings","mode":"replace","expectChunks":1}}
{"ts":"2025-11-12T02:35:03.164Z","action":"upload_chunk","details":{"uploadId":"ul_1ca818b7b1a63ea76a4e","chunkIndex":0,"count":1}}
{"ts":"2025-11-12T02:35:03.202Z","action":"upload_finish","details":{"uploadId":"ul_1ca818b7b1a63ea76a4e","datasetType":"settings","setName":"test_settings","items":1}}
{"ts":"2025-11-12T02:35:03.278Z","action":"job_start","details":{"jobId":"job_3bd083c89c99bd05","sets":{"t":"test_targets","p":"test_proxies","pf":"test_platforms","s":"test_settings"}}}
{"ts":"2025-11-12T02:43:12.234Z","action":"login_force","details":{"reason":"Forced by client"}}
{"ts":"2025-11-12T02:43:12.242Z","action":"login_success","details":{"sessionId":"sess_322a6d5f6ce6d2eb15b38c02"}}
{"ts":"2025-11-12T02:43:12.489Z","action":"upload_start","details":{"datasetType":"targets","setName":"test_targets","mode":"replace","expectChunks":1}}
{"ts":"2025-11-12T02:43:12.526Z","action":"upload_chunk","details":{"uploadId":"ul_f833684f79ef463cc50d","chunkIndex":0,"count":3}}
{"ts":"2025-11-12T02:43:12.561Z","action":"upload_finish","details":{"uploadId":"ul_f833684f79ef463cc50d","datasetType":"targets","setName":"test_targets","items":3}}
{"ts":"2025-11-12T02:43:12.694Z","action":"upload_start","details":{"datasetType":"proxies","setName":"test_proxies","mode":"replace","expectChunks":1}}
{"ts":"2025-11-12T02:43:12.733Z","action":"upload_chunk","details":{"uploadId":"ul_ce4d70eae82f5b4d3b0b","chunkIndex":0,"count":2}}
{"ts":"2025-11-12T02:43:12.762Z","action":"upload_finish","details":{"uploadId":"ul_ce4d70eae82f5b4d3b0b","datasetType":"proxies","setName":"test_proxies","items":2}}
{"ts":"2025-11-12T02:43:12.835Z","action":"upload_start","details":{"datasetType":"platforms","setName":"test_platforms","mode":"replace","expectChunks":1}}
{"ts":"2025-11-12T02:43:12.872Z","action":"upload_chunk","details":{"uploadId":"ul_d961aa105def6c1e1cdb","chunkIndex":0,"count":1}}
{"ts":"2025-11-12T02:43:12.901Z","action":"upload_finish","details":{"uploadId":"ul_d961aa105def6c1e1cdb","datasetType":"platforms","setName":"test_platforms","items":1}}
{"ts":"2025-11-12T02:43:13.160Z","action":"upload_start","details":{"datasetType":"settings","setName":"test_settings","mode":"replace","expectChunks":1}}
{"ts":"2025-11-12T02:43:13.195Z","action":"upload_chunk","details":{"uploadId":"ul_26533dce132369d19421","chunkIndex":0,"count":1}}
{"ts":"2025-11-12T02:43:13.223Z","action":"upload_finish","details":{"uploadId":"ul_26533dce132369d19421","datasetType":"settings","setName":"test_settings","items":1}}
{"ts":"2025-11-12T02:43:13.301Z","action":"job_start","details":{"jobId":"job_95aa0e6c1aaee592","sets":{"t":"test_targets","p":"test_proxies","pf":"test_platforms","s":"test_settings"}}}
